This file contains any messages produced by compilers while
running configure, to aid debugging if configure makes a mistake.

It was created by helloautotools configure 1.0, which was
generated by GNU Autoconf 2.69.  Invocation command line was

  $ ./configure 

## --------- ##
## Platform. ##
## --------- ##

hostname = jorge-Dell-System-XPS-L321X
uname -m = x86_64
uname -r = 4.2.0-25-generic
uname -s = Linux
uname -v = #30-Ubuntu SMP Mon Jan 18 12:31:50 UTC 2016

/usr/bin/uname -p = unknown
/bin/uname -X     = unknown

/bin/arch              = unknown
/usr/bin/arch -k       = unknown
/usr/convex/getsysinfo = unknown
/usr/bin/hostinfo      = unknown
/bin/machine           = unknown
/usr/bin/oslevel       = unknown
/bin/universe          = unknown

PATH: /usr/local/heroku/bin
PATH: /home/jorge/.rbenv/shims
PATH: /usr/local/bin
PATH: /home/jorge/.rbenv/shims
PATH: /home/jorge/.rbenv/bin
PATH: /usr/local/sbin
PATH: /usr/local/bin
PATH: /usr/sbin
PATH: /usr/bin
PATH: /sbin
PATH: /bin
PATH: /usr/games
PATH: /usr/local/games
PATH: /Applications/Android Studio.app/sdk/platform-tools
PATH: /Applications/Android Studio.app/sdk/tools
PATH: /usr/local/opt/jboss-as/libexec/bin
PATH: /bin


## ----------- ##
## Core tests. ##
## ----------- ##

configure:2125: checking for a BSD-compatible install
configure:2193: result: /usr/bin/install -c
configure:2204: checking whether build environment is sane
configure:2259: result: yes
configure:2410: checking for a thread-safe mkdir -p
configure:2449: result: /bin/mkdir -p
configure:2456: checking for gawk
configure:2486: result: no
configure:2456: checking for mawk
configure:2472: found /usr/bin/mawk
configure:2483: result: mawk
configure:2494: checking whether make sets $(MAKE)
configure:2516: result: yes
configure:2545: checking whether make supports nested variables
configure:2562: result: yes
configure:2736: checking for gcc
configure:2752: found /usr/bin/gcc
configure:2763: result: gcc
configure:2992: checking for C compiler version
configure:3001: gcc --version >&5
gcc (Ubuntu 5.2.1-22ubuntu2) 5.2.1 20151010
Copyright (C) 2015 Free Software Foundation, Inc.
This is free software; see the source for copying conditions.  There is NO
warranty; not even for MERCHANTABILITY or FITNESS FOR A PARTICULAR PURPOSE.

configure:3012: $? = 0
configure:3001: gcc -v >&5
Using built-in specs.
COLLECT_GCC=gcc
COLLECT_LTO_WRAPPER=/usr/lib/gcc/x86_64-linux-gnu/5/lto-wrapper
Target: x86_64-linux-gnu
Configured with: ../src/configure -v --with-pkgversion='Ubuntu 5.2.1-22ubuntu2' --with-bugurl=file:///usr/share/doc/gcc-5/README.Bugs --enable-languages=c,ada,c++,java,go,d,fortran,objc,obj-c++ --prefix=/usr --program-suffix=-5 --enable-shared --enable-linker-build-id --libexecdir=/usr/lib --without-included-gettext --enable-threads=posix --libdir=/usr/lib --enable-nls --with-sysroot=/ --enable-clocale=gnu --enable-libstdcxx-debug --enable-libstdcxx-time=yes --with-default-libstdcxx-abi=new --enable-gnu-unique-object --disable-vtable-verify --enable-libmpx --enable-plugin --with-system-zlib --disable-browser-plugin --enable-java-awt=gtk --enable-gtk-cairo --with-java-home=/usr/lib/jvm/java-1.5.0-gcj-5-amd64/jre --enable-java-home --with-jvm-root-dir=/usr/lib/jvm/java-1.5.0-gcj-5-amd64 --with-jvm-jar-dir=/usr/lib/jvm-exports/java-1.5.0-gcj-5-amd64 --with-arch-directory=amd64 --with-ecj-jar=/usr/share/java/eclipse-ecj.jar --enable-objc-gc --enable-multiarch --disable-werror --with-arch-32=i686 --with-abi=m64 --with-multilib-list=m32,m64,mx32 --enable-multilib --with-tune=generic --enable-checking=release --build=x86_64-linux-gnu --host=x86_64-linux-gnu --target=x86_64-linux-gnu
Thread model: posix
gcc version 5.2.1 20151010 (Ubuntu 5.2.1-22ubuntu2) 
configure:3012: $? = 0
configure:3001: gcc -V >&5
gcc: error: unrecognized command line option '-V'
gcc: fatal error: no input files
compilation terminated.
configure:3012: $? = 1
configure:3001: gcc -qversion >&5
gcc: error: unrecognized command line option '-qversion'
gcc: fatal error: no input files
compilation terminated.
configure:3012: $? = 1
configure:3032: checking whether the C compiler works
configure:3054: gcc    conftest.c  >&5
configure:3058: $? = 0
configure:3106: result: yes
configure:3109: checking for C compiler default output file name
configure:3111: result: a.out
configure:3117: checking for suffix of executables
configure:3124: gcc -o conftest    conftest.c  >&5
configure:3128: $? = 0
configure:3150: result: 
configure:3172: checking whether we are cross compiling
configure:3180: gcc -o conftest    conftest.c  >&5
configure:3184: $? = 0
configure:3191: ./conftest
configure:3195: $? = 0
configure:3210: result: no
configure:3215: checking for suffix of object files
configure:3237: gcc -c   conftest.c >&5
configure:3241: $? = 0
configure:3262: result: o
configure:3266: checking whether we are using the GNU C compiler
configure:3285: gcc -c   conftest.c >&5
configure:3285: $? = 0
configure:3294: result: yes
configure:3303: checking whether gcc accepts -g
configure:3323: gcc -c -g  conftest.c >&5
configure:3323: $? = 0
configure:3364: result: yes
configure:3381: checking for gcc option to accept ISO C89
configure:3444: gcc  -c -g -O2  conftest.c >&5
configure:3444: $? = 0
configure:3457: result: none needed
configure:3482: checking whether gcc understands -c and -o together
configure:3504: gcc -c conftest.c -o conftest2.o
configure:3507: $? = 0
configure:3504: gcc -c conftest.c -o conftest2.o
configure:3507: $? = 0
configure:3519: result: yes
configure:3547: checking for style of include used by make
configure:3575: result: GNU
configure:3601: checking dependency style of gcc
configure:3712: result: gcc3
configure:3785: checking for g++
configure:3801: found /usr/bin/g++
configure:3812: result: g++
configure:3839: checking for C++ compiler version
configure:3848: g++ --version >&5
g++ (Ubuntu 5.2.1-22ubuntu2) 5.2.1 20151010
Copyright (C) 2015 Free Software Foundation, Inc.
This is free software; see the source for copying conditions.  There is NO
warranty; not even for MERCHANTABILITY or FITNESS FOR A PARTICULAR PURPOSE.

configure:3859: $? = 0
configure:3848: g++ -v >&5
Using built-in specs.
COLLECT_GCC=g++
COLLECT_LTO_WRAPPER=/usr/lib/gcc/x86_64-linux-gnu/5/lto-wrapper
Target: x86_64-linux-gnu
Configured with: ../src/configure -v --with-pkgversion='Ubuntu 5.2.1-22ubuntu2' --with-bugurl=file:///usr/share/doc/gcc-5/README.Bugs --enable-languages=c,ada,c++,java,go,d,fortran,objc,obj-c++ --prefix=/usr --program-suffix=-5 --enable-shared --enable-linker-build-id --libexecdir=/usr/lib --without-included-gettext --enable-threads=posix --libdir=/usr/lib --enable-nls --with-sysroot=/ --enable-clocale=gnu --enable-libstdcxx-debug --enable-libstdcxx-time=yes --with-default-libstdcxx-abi=new --enable-gnu-unique-object --disable-vtable-verify --enable-libmpx --enable-plugin --with-system-zlib --disable-browser-plugin --enable-java-awt=gtk --enable-gtk-cairo --with-java-home=/usr/lib/jvm/java-1.5.0-gcj-5-amd64/jre --enable-java-home --with-jvm-root-dir=/usr/lib/jvm/java-1.5.0-gcj-5-amd64 --with-jvm-jar-dir=/usr/lib/jvm-exports/java-1.5.0-gcj-5-amd64 --with-arch-directory=amd64 --with-ecj-jar=/usr/share/java/eclipse-ecj.jar --enable-objc-gc --enable-multiarch --disable-werror --with-arch-32=i686 --with-abi=m64 --with-multilib-list=m32,m64,mx32 --enable-multilib --with-tune=generic --enable-checking=release --build=x86_64-linux-gnu --host=x86_64-linux-gnu --target=x86_64-linux-gnu
Thread model: posix
gcc version 5.2.1 20151010 (Ubuntu 5.2.1-22ubuntu2) 
configure:3859: $? = 0
configure:3848: g++ -V >&5
g++: error: unrecognized command line option '-V'
g++: fatal error: no input files
compilation terminated.
configure:3859: $? = 1
configure:3848: g++ -qversion >&5
g++: error: unrecognized command line option '-qversion'
g++: fatal error: no input files
compilation terminated.
configure:3859: $? = 1
configure:3863: checking whether we are using the GNU C++ compiler
configure:3882: g++ -c   conftest.cpp >&5
configure:3882: $? = 0
configure:3891: result: yes
configure:3900: checking whether g++ accepts -g
configure:3920: g++ -c -g  conftest.cpp >&5
configure:3920: $? = 0
configure:3961: result: yes
configure:3986: checking dependency style of g++
configure:4097: result: gcc3
configure:4116: checking for tar
configure:4132: found /bin/tar
configure:4143: result: tar
configure:4169: checking how to run the C preprocessor
configure:4200: gcc -E  conftest.c
configure:4200: $? = 0
configure:4214: gcc -E  conftest.c
conftest.c:12:28: fatal error: ac_nonexistent.h: No such file or directory
compilation terminated.
configure:4214: $? = 1
configure: failed program was:
| /* confdefs.h */
| #define PACKAGE_NAME "helloautotools"
| #define PACKAGE_TARNAME "helloautotools"
| #define PACKAGE_VERSION "1.0"
| #define PACKAGE_STRING "helloautotools 1.0"
| #define PACKAGE_BUGREPORT "jcreixell@gmail.com"
| #define PACKAGE_URL ""
| #define PACKAGE "helloautotools"
| #define VERSION "1.0"
| #define SOMEVAR "jorge"
| /* end confdefs.h.  */
| #include <ac_nonexistent.h>
configure:4239: result: gcc -E
configure:4259: gcc -E  conftest.c
configure:4259: $? = 0
configure:4273: gcc -E  conftest.c
conftest.c:12:28: fatal error: ac_nonexistent.h: No such file or directory
compilation terminated.
configure:4273: $? = 1
configure: failed program was:
| /* confdefs.h */
| #define PACKAGE_NAME "helloautotools"
| #define PACKAGE_TARNAME "helloautotools"
| #define PACKAGE_VERSION "1.0"
| #define PACKAGE_STRING "helloautotools 1.0"
| #define PACKAGE_BUGREPORT "jcreixell@gmail.com"
| #define PACKAGE_URL ""
| #define PACKAGE "helloautotools"
| #define VERSION "1.0"
| #define SOMEVAR "jorge"
| /* end confdefs.h.  */
| #include <ac_nonexistent.h>
configure:4302: checking for grep that handles long lines and -e
configure:4360: result: /bin/grep
configure:4365: checking for egrep
configure:4427: result: /bin/grep -E
configure:4432: checking for ANSI C header files
configure:4452: gcc -c -g -O2  conftest.c >&5
configure:4452: $? = 0
configure:4525: gcc -o conftest -g -O2   conftest.c  >&5
configure:4525: $? = 0
configure:4525: ./conftest
configure:4525: $? = 0
configure:4536: result: yes
configure:4549: checking for sys/types.h
configure:4549: gcc -c -g -O2  conftest.c >&5
configure:4549: $? = 0
configure:4549: result: yes
configure:4549: checking for sys/stat.h
configure:4549: gcc -c -g -O2  conftest.c >&5
configure:4549: $? = 0
configure:4549: result: yes
configure:4549: checking for stdlib.h
configure:4549: gcc -c -g -O2  conftest.c >&5
configure:4549: $? = 0
configure:4549: result: yes
configure:4549: checking for string.h
configure:4549: gcc -c -g -O2  conftest.c >&5
configure:4549: $? = 0
configure:4549: result: yes
configure:4549: checking for memory.h
configure:4549: gcc -c -g -O2  conftest.c >&5
configure:4549: $? = 0
configure:4549: result: yes
configure:4549: checking for strings.h
configure:4549: gcc -c -g -O2  conftest.c >&5
configure:4549: $? = 0
configure:4549: result: yes
configure:4549: checking for inttypes.h
configure:4549: gcc -c -g -O2  conftest.c >&5
configure:4549: $? = 0
configure:4549: result: yes
configure:4549: checking for stdint.h
configure:4549: gcc -c -g -O2  conftest.c >&5
configure:4549: $? = 0
configure:4549: result: yes
configure:4549: checking for unistd.h
configure:4549: gcc -c -g -O2  conftest.c >&5
configure:4549: $? = 0
configure:4549: result: yes
configure:4563: checking SDL2/SDL.h usability
configure:4563: gcc -c -g -O2  conftest.c >&5
configure:4563: $? = 0
configure:4563: result: yes
configure:4563: checking SDL2/SDL.h presence
configure:4563: gcc -E  conftest.c
configure:4563: $? = 0
configure:4563: result: yes
configure:4563: checking for SDL2/SDL.h
configure:4563: result: yes
configure:4686: checking that generated files are newer than configure
configure:4692: result: done
configure:4719: creating ./config.status

## ---------------------- ##
## Running config.status. ##
## ---------------------- ##

This file was extended by helloautotools config.status 1.0, which was
generated by GNU Autoconf 2.69.  Invocation command line was

  CONFIG_FILES    = 
  CONFIG_HEADERS  = 
  CONFIG_LINKS    = 
  CONFIG_COMMANDS = 
  $ ./config.status 

on jorge-Dell-System-XPS-L321X

config.status:863: creating Makefile
config.status:863: creating src/Makefile
config.status:863: creating config.h
config.status:1044: config.h is unchanged
config.status:1092: executing depfiles commands

## ---------------- ##
## Cache variables. ##
## ---------------- ##

ac_cv_c_compiler_gnu=yes
ac_cv_cxx_compiler_gnu=yes
ac_cv_env_CCC_set=
ac_cv_env_CCC_value=
ac_cv_env_CC_set=
ac_cv_env_CC_value=
ac_cv_env_CFLAGS_set=
ac_cv_env_CFLAGS_value=
ac_cv_env_CPPFLAGS_set=
ac_cv_env_CPPFLAGS_value=
ac_cv_env_CPP_set=
ac_cv_env_CPP_value=
ac_cv_env_CXXFLAGS_set=
ac_cv_env_CXXFLAGS_value=
ac_cv_env_CXX_set=
ac_cv_env_CXX_value=
ac_cv_env_LDFLAGS_set=
ac_cv_env_LDFLAGS_value=
ac_cv_env_LIBS_set=
ac_cv_env_LIBS_value=
ac_cv_env_build_alias_set=
ac_cv_env_build_alias_value=
ac_cv_env_host_alias_set=
ac_cv_env_host_alias_value=
ac_cv_env_target_alias_set=
ac_cv_env_target_alias_value=
ac_cv_header_SDL2_SDL_h=yes
ac_cv_header_inttypes_h=yes
ac_cv_header_memory_h=yes
ac_cv_header_stdc=yes
ac_cv_header_stdint_h=yes
ac_cv_header_stdlib_h=yes
ac_cv_header_string_h=yes
ac_cv_header_strings_h=yes
ac_cv_header_sys_stat_h=yes
ac_cv_header_sys_types_h=yes
ac_cv_header_unistd_h=yes
ac_cv_objext=o
ac_cv_path_EGREP='/bin/grep -E'
ac_cv_path_GREP=/bin/grep
ac_cv_path_install='/usr/bin/install -c'
ac_cv_path_mkdir=/bin/mkdir
ac_cv_prog_AWK=mawk
ac_cv_prog_CPP='gcc -E'
ac_cv_prog_TAR=tar
ac_cv_prog_ac_ct_CC=gcc
ac_cv_prog_ac_ct_CXX=g++
ac_cv_prog_cc_c89=
ac_cv_prog_cc_g=yes
ac_cv_prog_cxx_g=yes
ac_cv_prog_make_make_set=yes
am_cv_CC_dependencies_compiler_type=gcc3
am_cv_CXX_dependencies_compiler_type=gcc3
am_cv_make_support_nested_variables=yes
am_cv_prog_cc_c_o=yes

## ----------------- ##
## Output variables. ##
## ----------------- ##

ACLOCAL='${SHELL} /home/jorge/workspace/iamlearning/tools/autotools/build-aux/missing aclocal-1.15'
AMDEPBACKSLASH='\'
AMDEP_FALSE='#'
AMDEP_TRUE=''
AMTAR='$${TAR-tar}'
AM_BACKSLASH='\'
AM_DEFAULT_V='$(AM_DEFAULT_VERBOSITY)'
AM_DEFAULT_VERBOSITY='1'
AM_V='$(V)'
AUTOCONF='${SHELL} /home/jorge/workspace/iamlearning/tools/autotools/build-aux/missing autoconf'
AUTOHEADER='${SHELL} /home/jorge/workspace/iamlearning/tools/autotools/build-aux/missing autoheader'
AUTOMAKE='${SHELL} /home/jorge/workspace/iamlearning/tools/autotools/build-aux/missing automake-1.15'
AWK='mawk'
CC='gcc'
CCDEPMODE='depmode=gcc3'
CFLAGS='-g -O2'
CPP='gcc -E'
CPPFLAGS=''
CXX='g++'
CXXDEPMODE='depmode=gcc3'
CXXFLAGS='-g -O2'
CYGPATH_W='echo'
DEFS='-DHAVE_CONFIG_H'
DEPDIR='.deps'
ECHO_C=''
ECHO_N='-n'
ECHO_T=''
EGREP='/bin/grep -E'
EXEEXT=''
GREP='/bin/grep'
INSTALL_DATA='${INSTALL} -m 644'
INSTALL_PROGRAM='${INSTALL}'
INSTALL_SCRIPT='${INSTALL}'
INSTALL_STRIP_PROGRAM='$(install_sh) -c -s'
LDFLAGS=''
LIBOBJS=''
LIBS=''
LTLIBOBJS=''
MAKEFILEVAR='something'
MAKEINFO='${SHELL} /home/jorge/workspace/iamlearning/tools/autotools/build-aux/missing makeinfo'
MKDIR_P='/bin/mkdir -p'
OBJEXT='o'
PACKAGE='helloautotools'
PACKAGE_BUGREPORT='jcreixell@gmail.com'
PACKAGE_NAME='helloautotools'
PACKAGE_STRING='helloautotools 1.0'
PACKAGE_TARNAME='helloautotools'
PACKAGE_URL=''
PACKAGE_VERSION='1.0'
PATH_SEPARATOR=':'
SET_MAKE=''
SHELL='/bin/bash'
STRIP=''
TAR='tar'
VERSION='1.0'
ac_ct_CC='gcc'
ac_ct_CXX='g++'
am__EXEEXT_FALSE=''
am__EXEEXT_TRUE='#'
am__fastdepCC_FALSE='#'
am__fastdepCC_TRUE=''
am__fastdepCXX_FALSE='#'
am__fastdepCXX_TRUE=''
am__include='include'
am__isrc=''
am__leading_dot='.'
am__nodep='_no'
am__quote=''
am__tar='$${TAR-tar} chof - "$$tardir"'
am__untar='$${TAR-tar} xf -'
bindir='${exec_prefix}/bin'
build_alias=''
datadir='${datarootdir}'
datarootdir='${prefix}/share'
docdir='${datarootdir}/doc/${PACKAGE_TARNAME}'
dvidir='${docdir}'
exec_prefix='${prefix}'
host_alias=''
htmldir='${docdir}'
includedir='${prefix}/include'
infodir='${datarootdir}/info'
install_sh='${SHELL} /home/jorge/workspace/iamlearning/tools/autotools/build-aux/install-sh'
libdir='${exec_prefix}/lib'
libexecdir='${exec_prefix}/libexec'
localedir='${datarootdir}/locale'
localstatedir='${prefix}/var'
mandir='${datarootdir}/man'
mkdir_p='$(MKDIR_P)'
oldincludedir='/usr/include'
pdfdir='${docdir}'
prefix='/usr/local'
program_transform_name='s,x,x,'
psdir='${docdir}'
sbindir='${exec_prefix}/sbin'
sharedstatedir='${prefix}/com'
sysconfdir='${prefix}/etc'
target_alias=''

## ----------- ##
## confdefs.h. ##
## ----------- ##

/* confdefs.h */
#define PACKAGE_NAME "helloautotools"
#define PACKAGE_TARNAME "helloautotools"
#define PACKAGE_VERSION "1.0"
#define PACKAGE_STRING "helloautotools 1.0"
#define PACKAGE_BUGREPORT "jcreixell@gmail.com"
#define PACKAGE_URL ""
#define PACKAGE "helloautotools"
#define VERSION "1.0"
#define SOMEVAR "jorge"
#define STDC_HEADERS 1
#define HAVE_SYS_TYPES_H 1
#define HAVE_SYS_STAT_H 1
#define HAVE_STDLIB_H 1
#define HAVE_STRING_H 1
#define HAVE_MEMORY_H 1
#define HAVE_STRINGS_H 1
#define HAVE_INTTYPES_H 1
#define HAVE_STDINT_H 1
#define HAVE_UNISTD_H 1
#define HAVE_SDL2_SDL_H 1

configure: exit 0
